Using pre-set license
Built from '2020.3/staging' branch; Version is '2020.3.11f1 (99c7afb366b3) revision 10078127'; Using compiler version '192528614'; Build Type 'Release'
OS: 'Windows 10 Education; OS build 19042.1288; Version 2009; 64bit' Language: 'ru' Physical Memory: 15741 MB
BatchMode: 1, IsHumanControllingUs: 0, StartBugReporterOnCrash: 0, Is64bit: 1, IsPro: 0

 COMMAND LINE ARGUMENTS:
C:\Program Files\unity\2020.3.11f1\Editor\Unity.exe
-adb2
-batchMode
-noUpm
-name
AssetImportWorker0
-projectPath
E:/E/games/runnerdostavka/projectfiles/UnityInAction/TCTF/AllKings
-logFile
Logs/AssetImportWorker0.log
-srvPort
50626
Successfully changed project path to: E:/E/games/runnerdostavka/projectfiles/UnityInAction/TCTF/AllKings
E:/E/games/runnerdostavka/projectfiles/UnityInAction/TCTF/AllKings
Using Asset Import Pipeline V2.
Refreshing native plugins compatible for Editor in 104.46 ms, found 2 plugins.
Preloading 0 native plugins for Editor in 0.00 ms.
Initialize engine version: 2020.3.11f1 (99c7afb366b3)
[Subsystems] Discovering subsystems at path C:/Program Files/unity/2020.3.11f1/Editor/Data/Resources/UnitySubsystems
[Subsystems] Discovering subsystems at path E:/E/games/runnerdostavka/projectfiles/UnityInAction/TCTF/AllKings/Assets
GfxDevice: creating device client; threaded=0
Direct3D:
    Version:  Direct3D 11.0 [level 11.1]
    Renderer: NVIDIA GeForce GTX 1650 Ti (ID=0x1f95)
    Vendor:   
    VRAM:     3962 MB
    Driver:   30.0.14.9613
Shader 'Universal Render Pipeline/Particles/Lit': fallback shader 'Universal Render Pipeline/Particles/SimpleLit' not found
Initialize mono
Mono path[0] = 'C:/Program Files/unity/2020.3.11f1/Editor/Data/Managed'
Mono path[1] = 'C:/Program Files/unity/2020.3.11f1/Editor/Data/MonoBleedingEdge/lib/mono/unityjit'
Mono config path = 'C:/Program Files/unity/2020.3.11f1/Editor/Data/MonoBleedingEdge/etc'
Using monoOptions --debugger-agent=transport=dt_socket,embedding=1,server=y,suspend=n,address=127.0.0.1:56380
Begin MonoManager ReloadAssembly
Registering precompiled unity dll's ...
Register platform support module: C:/Program Files/unity/2020.3.11f1/Editor/Data/PlaybackEngines/WindowsStandaloneSupport/UnityEditor.WindowsStandalone.Extensions.dll
Registered in 0.001612 seconds.
Native extension for WindowsStandalone target not found
Refreshing native plugins compatible for Editor in 105.36 ms, found 2 plugins.
Preloading 0 native plugins for Editor in 0.00 ms.
Mono: successfully reloaded assembly
- Completed reload, in  2.720 seconds
Platform modules already initialized, skipping
Registering precompiled user dll's ...
Registered in 0.004170 seconds.
Begin MonoManager ReloadAssembly
Native extension for WindowsStandalone target not found
Refreshing native plugins compatible for Editor in 110.54 ms, found 2 plugins.
Preloading 0 native plugins for Editor in 0.00 ms.
Mono: successfully reloaded assembly
- Completed reload, in  1.353 seconds
Platform modules already initialized, skipping
========================================================================
Worker process is ready to serve import requests
Shader 'Universal Render Pipeline/Particles/Lit': fallback shader 'Universal Render Pipeline/Particles/SimpleLit' not found
Launched and connected shader compiler UnityShaderCompiler.exe after 0.05 seconds
Refreshing native plugins compatible for Editor in 1.11 ms, found 2 plugins.
Preloading 0 native plugins for Editor in 0.00 ms.
Unloading 4044 Unused Serialized files (Serialized files now loaded: 0)
System memory in use before: 167.0 MB.
System memory in use after: 167.2 MB.

Unloading 31 unused Assets to reduce memory usage. Loaded Objects now: 4479.
Total: 7.434300 ms (FindLiveObjects: 0.528000 ms CreateObjectMapping: 0.174300 ms MarkObjects: 6.631700 ms  DeleteObjects: 0.098300 ms)

========================================================================
Received Import Request.
  path: Assets/GameFoundation/Resources/Ресурс 2mdpi.png
  artifactKey: Guid(7db4fa440521a0c43af3050450fc2ef7) Importer(815301076,1909f56bfc062723c751e8b465ee728b)
Start importing Assets/GameFoundation/Resources/Ресурс 2mdpi.png using Guid(7db4fa440521a0c43af3050450fc2ef7) Importer(815301076,1909f56bfc062723c751e8b465ee728b)  -> (artifact id: '760e2aef51d32b9934b2f1bfdf01d57b') in 0.138000 seconds
  Import took 0.250400 seconds .

========================================================================
Received Import Request.
  Time since last request: 1182.940764 seconds.
  path: Assets/GameFoundation/Resources/Ресурс 1mdpiав.png
  artifactKey: Guid(f25d75577db52514ab5937149e88d928) Importer(815301076,1909f56bfc062723c751e8b465ee728b)
Start importing Assets/GameFoundation/Resources/Ресурс 1mdpiав.png using Guid(f25d75577db52514ab5937149e88d928) Importer(815301076,1909f56bfc062723c751e8b465ee728b)  -> (artifact id: '715e1e87476b2b6aacea3010d5270186') in 0.027432 seconds
  Import took 0.056070 seconds .

========================================================================
Received Import Request.
  Time since last request: 0.000227 seconds.
  path: Assets/GameFoundation/Resources/Ресурс 7mdpiав.png
  artifactKey: Guid(0c380d15089607144a63672e7903052d) Importer(815301076,1909f56bfc062723c751e8b465ee728b)
Start importing Assets/GameFoundation/Resources/Ресурс 7mdpiав.png using Guid(0c380d15089607144a63672e7903052d) Importer(815301076,1909f56bfc062723c751e8b465ee728b)  -> (artifact id: '382f49ead1f69da60b3c7c94c92b58ee') in 0.014870 seconds
  Import took 0.282609 seconds .

========================================================================
Received Import Request.
  Time since last request: 0.000231 seconds.
  path: Assets/GameFoundation/Resources/Ресурс 5mdpiав.png
  artifactKey: Guid(f1996764ea29411498c032cc2c6215f8) Importer(815301076,1909f56bfc062723c751e8b465ee728b)
Start importing Assets/GameFoundation/Resources/Ресурс 5mdpiав.png using Guid(f1996764ea29411498c032cc2c6215f8) Importer(815301076,1909f56bfc062723c751e8b465ee728b)  -> (artifact id: '204841818d8451a7e36b9117d7157f67') in 0.015935 seconds
  Import took 0.021871 seconds .

========================================================================
Received Import Request.
  Time since last request: 0.000223 seconds.
  path: Assets/GameFoundation/Resources/Ресурс 3mdpiав.png
  artifactKey: Guid(bc9f03b37d1db21458439fc6a38edda9) Importer(815301076,1909f56bfc062723c751e8b465ee728b)
Start importing Assets/GameFoundation/Resources/Ресурс 3mdpiав.png using Guid(bc9f03b37d1db21458439fc6a38edda9) Importer(815301076,1909f56bfc062723c751e8b465ee728b)  -> (artifact id: 'e03451a20191d733e564fe6e7788e183') in 0.013099 seconds
  Import took 0.181250 seconds .

========================================================================
Received Import Request.
  Time since last request: 0.000344 seconds.
  path: Assets/GameFoundation/Resources/Ресурс 9mdpiав.png
  artifactKey: Guid(3d2218a6a30c6c448a997756754c0ebd) Importer(815301076,1909f56bfc062723c751e8b465ee728b)
Start importing Assets/GameFoundation/Resources/Ресурс 9mdpiав.png using Guid(3d2218a6a30c6c448a997756754c0ebd) Importer(815301076,1909f56bfc062723c751e8b465ee728b)  -> (artifact id: '1e1938b1734d9ac8437582f1399675bf') in 0.012996 seconds
  Import took 0.334469 seconds .

========================================================================
Received Import Request.
  Time since last request: 0.000211 seconds.
  path: Assets/GameFoundation/Resources/Ресурс 4mdpiав.png
  artifactKey: Guid(8b7695765f6d7804f95c75320217e81a) Importer(815301076,1909f56bfc062723c751e8b465ee728b)
Start importing Assets/GameFoundation/Resources/Ресурс 4mdpiав.png using Guid(8b7695765f6d7804f95c75320217e81a) Importer(815301076,1909f56bfc062723c751e8b465ee728b)  -> (artifact id: '67b65a94d8c89ff9a34e9588eb5e416d') in 0.012681 seconds
  Import took 0.141804 seconds .

========================================================================
Received Import Request.
  Time since last request: 0.000194 seconds.
  path: Assets/GameFoundation/Resources/Ресурс 2mdpiав.png
  artifactKey: Guid(e07b3247300ad5f4590157ffe665b108) Importer(815301076,1909f56bfc062723c751e8b465ee728b)
Start importing Assets/GameFoundation/Resources/Ресурс 2mdpiав.png using Guid(e07b3247300ad5f4590157ffe665b108) Importer(815301076,1909f56bfc062723c751e8b465ee728b)  -> (artifact id: '53088d2e2e4a1b2cee11b0c453e48cc8') in 0.012552 seconds
  Import took 0.054447 seconds .

========================================================================
Received Import Request.
  Time since last request: 0.000265 seconds.
  path: Assets/GameFoundation/Resources/Ресурс 8mdpiав.png
  artifactKey: Guid(73e9d60a3db42c642b54b99243be2b14) Importer(815301076,1909f56bfc062723c751e8b465ee728b)
Start importing Assets/GameFoundation/Resources/Ресурс 8mdpiав.png using Guid(73e9d60a3db42c642b54b99243be2b14) Importer(815301076,1909f56bfc062723c751e8b465ee728b)  -> (artifact id: '94b2bfdad3e1e35a5afdaece1e6bafdb') in 0.012277 seconds
  Import took 0.054154 seconds .

========================================================================
Received Import Request.
  Time since last request: 0.000234 seconds.
  path: Assets/GameFoundation/Resources/Ресурс 6mdpiав.png
  artifactKey: Guid(d604e90b2ef850940808caded9c0fa61) Importer(815301076,1909f56bfc062723c751e8b465ee728b)
Start importing Assets/GameFoundation/Resources/Ресурс 6mdpiав.png using Guid(d604e90b2ef850940808caded9c0fa61) Importer(815301076,1909f56bfc062723c751e8b465ee728b)  -> (artifact id: 'e1a9d56fe6149081d0af0552f822efb1') in 0.025785 seconds
  Import took 0.063802 seconds .

========================================================================
Received Import Request.
  Time since last request: 7.771362 seconds.
  path: Assets/GameFoundation/Resources/Ресурс 1mdpiав.png
  artifactKey: Guid(f25d75577db52514ab5937149e88d928) Importer(815301076,1909f56bfc062723c751e8b465ee728b)
Start importing Assets/GameFoundation/Resources/Ресурс 1mdpiав.png using Guid(f25d75577db52514ab5937149e88d928) Importer(815301076,1909f56bfc062723c751e8b465ee728b)  -> (artifact id: '27450295dd1508ce0d26894a6ce6bfee') in 0.021617 seconds
  Import took 0.028411 seconds .

========================================================================
Received Import Request.
  Time since last request: 0.000298 seconds.
  path: Assets/GameFoundation/Resources/Ресурс 7mdpiав.png
  artifactKey: Guid(0c380d15089607144a63672e7903052d) Importer(815301076,1909f56bfc062723c751e8b465ee728b)
Start importing Assets/GameFoundation/Resources/Ресурс 7mdpiав.png using Guid(0c380d15089607144a63672e7903052d) Importer(815301076,1909f56bfc062723c751e8b465ee728b)  -> (artifact id: '56279b0378beadf600a9d0414f348e8c') in 0.029522 seconds
  Import took 0.035810 seconds .

========================================================================
Received Import Request.
  Time since last request: 0.000316 seconds.
  path: Assets/GameFoundation/Resources/Ресурс 5mdpiав.png
  artifactKey: Guid(f1996764ea29411498c032cc2c6215f8) Importer(815301076,1909f56bfc062723c751e8b465ee728b)
Start importing Assets/GameFoundation/Resources/Ресурс 5mdpiав.png using Guid(f1996764ea29411498c032cc2c6215f8) Importer(815301076,1909f56bfc062723c751e8b465ee728b)  -> (artifact id: '7d4cbf49619b67651708bc61c9184c37') in 0.026013 seconds
  Import took 0.463774 seconds .

========================================================================
Received Import Request.
  Time since last request: 0.000244 seconds.
  path: Assets/GameFoundation/Resources/Ресурс 3mdpiав.png
  artifactKey: Guid(bc9f03b37d1db21458439fc6a38edda9) Importer(815301076,1909f56bfc062723c751e8b465ee728b)
Start importing Assets/GameFoundation/Resources/Ресурс 3mdpiав.png using Guid(bc9f03b37d1db21458439fc6a38edda9) Importer(815301076,1909f56bfc062723c751e8b465ee728b)  -> (artifact id: '6455de158c4e99cbd119264789997d1f') in 0.013321 seconds
  Import took 0.019488 seconds .

========================================================================
Received Import Request.
  Time since last request: 0.000323 seconds.
  path: Assets/GameFoundation/Resources/Ресурс 9mdpiав.png
  artifactKey: Guid(3d2218a6a30c6c448a997756754c0ebd) Importer(815301076,1909f56bfc062723c751e8b465ee728b)
Start importing Assets/GameFoundation/Resources/Ресурс 9mdpiав.png using Guid(3d2218a6a30c6c448a997756754c0ebd) Importer(815301076,1909f56bfc062723c751e8b465ee728b)  -> (artifact id: 'a1feefa83519efc132a67b57a84b4f04') in 0.015852 seconds
  Import took 0.046512 seconds .

========================================================================
Received Import Request.
  Time since last request: 0.000236 seconds.
  path: Assets/GameFoundation/Resources/Ресурс 4mdpiав.png
  artifactKey: Guid(8b7695765f6d7804f95c75320217e81a) Importer(815301076,1909f56bfc062723c751e8b465ee728b)
Start importing Assets/GameFoundation/Resources/Ресурс 4mdpiав.png using Guid(8b7695765f6d7804f95c75320217e81a) Importer(815301076,1909f56bfc062723c751e8b465ee728b)  -> (artifact id: 'e316fa47d9258e1b8d123da03f94cb15') in 0.017464 seconds
  Import took 0.034281 seconds .

========================================================================
Received Import Request.
  Time since last request: 0.000228 seconds.
  path: Assets/GameFoundation/Resources/Ресурс 2mdpiав.png
  artifactKey: Guid(e07b3247300ad5f4590157ffe665b108) Importer(815301076,1909f56bfc062723c751e8b465ee728b)
Start importing Assets/GameFoundation/Resources/Ресурс 2mdpiав.png using Guid(e07b3247300ad5f4590157ffe665b108) Importer(815301076,1909f56bfc062723c751e8b465ee728b)  -> (artifact id: '2168507644becfa2c8e6fc680fa5773e') in 0.016190 seconds
  Import took 0.092605 seconds .

========================================================================
Received Import Request.
  Time since last request: 0.000177 seconds.
  path: Assets/GameFoundation/Resources/Ресурс 8mdpiав.png
  artifactKey: Guid(73e9d60a3db42c642b54b99243be2b14) Importer(815301076,1909f56bfc062723c751e8b465ee728b)
Start importing Assets/GameFoundation/Resources/Ресурс 8mdpiав.png using Guid(73e9d60a3db42c642b54b99243be2b14) Importer(815301076,1909f56bfc062723c751e8b465ee728b)  -> (artifact id: '2d7640d25663ef11e9dcc6c083982a4e') in 0.016559 seconds
  Import took 0.065591 seconds .

========================================================================
Received Import Request.
  Time since last request: 0.000188 seconds.
  path: Assets/GameFoundation/Resources/Ресурс 6mdpiав.png
  artifactKey: Guid(d604e90b2ef850940808caded9c0fa61) Importer(815301076,1909f56bfc062723c751e8b465ee728b)
Start importing Assets/GameFoundation/Resources/Ресурс 6mdpiав.png using Guid(d604e90b2ef850940808caded9c0fa61) Importer(815301076,1909f56bfc062723c751e8b465ee728b)  -> (artifact id: 'd1cbfe5454f40329d943ffd3f497c2ba') in 0.018180 seconds
  Import took 0.024148 seconds .

========================================================================
Received Import Request.
  Time since last request: 159.879327 seconds.
  path: Assets/GameFoundation/Resources/Ресурс 1mdpiав.png
  artifactKey: Guid(39b3b73dfea373b4e9a5113d2828722b) Importer(815301076,1909f56bfc062723c751e8b465ee728b)
Start importing Assets/GameFoundation/Resources/Ресурс 1mdpiав.png using Guid(39b3b73dfea373b4e9a5113d2828722b) Importer(815301076,1909f56bfc062723c751e8b465ee728b)  -> (artifact id: '02034c54d1a6b22f6a0e86a6e72d3f78') in 0.011932 seconds
  Import took 0.018366 seconds .

========================================================================
Received Import Request.
  Time since last request: 0.000259 seconds.
  path: Assets/GameFoundation/Resources/Ресурс 4mdpiав.png
  artifactKey: Guid(cdb0f7f65d12dd54280f4cf11a0bfb98) Importer(815301076,1909f56bfc062723c751e8b465ee728b)
Start importing Assets/GameFoundation/Resources/Ресурс 4mdpiав.png using Guid(cdb0f7f65d12dd54280f4cf11a0bfb98) Importer(815301076,1909f56bfc062723c751e8b465ee728b)  -> (artifact id: 'a821d2cf7c1f8b05c3dc6b4964388c66') in 0.013406 seconds
  Import took 0.060202 seconds .

========================================================================
Received Import Request.
  Time since last request: 0.000237 seconds.
  path: Assets/GameFoundation/Resources/Ресурс 2mdpiав.png
  artifactKey: Guid(8d0ea74b07dab314db96cf3abdb06732) Importer(815301076,1909f56bfc062723c751e8b465ee728b)
Start importing Assets/GameFoundation/Resources/Ресурс 2mdpiав.png using Guid(8d0ea74b07dab314db96cf3abdb06732) Importer(815301076,1909f56bfc062723c751e8b465ee728b)  -> (artifact id: '8e4c3fc8df1f8280ec9acf8304879196') in 0.019418 seconds
  Import took 0.103522 seconds .

========================================================================
Received Import Request.
  Time since last request: 0.000217 seconds.
  path: Assets/GameFoundation/Resources/Ресурс 5mdpiав.png
  artifactKey: Guid(c31eb35b6db05c34aadce984e9d4a53c) Importer(815301076,1909f56bfc062723c751e8b465ee728b)
Start importing Assets/GameFoundation/Resources/Ресурс 5mdpiав.png using Guid(c31eb35b6db05c34aadce984e9d4a53c) Importer(815301076,1909f56bfc062723c751e8b465ee728b)  -> (artifact id: 'bd5b0541e50a62fcd9698069c468e1ac') in 0.014366 seconds
  Import took 0.397096 seconds .

========================================================================
Received Import Request.
  Time since last request: 0.000254 seconds.
  path: Assets/GameFoundation/Resources/Ресурс 3mdpiав.png
  artifactKey: Guid(f2fc6fadc706e664d916e6e5c32b3d0b) Importer(815301076,1909f56bfc062723c751e8b465ee728b)
Start importing Assets/GameFoundation/Resources/Ресурс 3mdpiав.png using Guid(f2fc6fadc706e664d916e6e5c32b3d0b) Importer(815301076,1909f56bfc062723c751e8b465ee728b)  -> (artifact id: '84c96d86b430c94de225066c19ac0c60') in 0.012047 seconds
  Import took 0.083263 seconds .

========================================================================
Received Import Request.
  Time since last request: 9.651655 seconds.
  path: Assets/GameFoundation/Resources/Ресурс 1mdpiав.png
  artifactKey: Guid(39b3b73dfea373b4e9a5113d2828722b) Importer(815301076,1909f56bfc062723c751e8b465ee728b)
Start importing Assets/GameFoundation/Resources/Ресурс 1mdpiав.png using Guid(39b3b73dfea373b4e9a5113d2828722b) Importer(815301076,1909f56bfc062723c751e8b465ee728b)  -> (artifact id: '33c500c1132315d2dd656856e3a62349') in 0.017116 seconds
  Import took 0.023386 seconds .

========================================================================
Received Import Request.
  Time since last request: 0.000230 seconds.
  path: Assets/GameFoundation/Resources/Ресурс 4mdpiав.png
  artifactKey: Guid(cdb0f7f65d12dd54280f4cf11a0bfb98) Importer(815301076,1909f56bfc062723c751e8b465ee728b)
Start importing Assets/GameFoundation/Resources/Ресурс 4mdpiав.png using Guid(cdb0f7f65d12dd54280f4cf11a0bfb98) Importer(815301076,1909f56bfc062723c751e8b465ee728b)  -> (artifact id: '67dd50c5feb12ea95fc068e45b65b848') in 0.035021 seconds
  Import took 0.059342 seconds .

========================================================================
Received Import Request.
  Time since last request: 0.000206 seconds.
  path: Assets/GameFoundation/Resources/Ресурс 2mdpiав.png
  artifactKey: Guid(8d0ea74b07dab314db96cf3abdb06732) Importer(815301076,1909f56bfc062723c751e8b465ee728b)
Start importing Assets/GameFoundation/Resources/Ресурс 2mdpiав.png using Guid(8d0ea74b07dab314db96cf3abdb06732) Importer(815301076,1909f56bfc062723c751e8b465ee728b)  -> (artifact id: '11e4684a81b80d07ac619c7ad2b71085') in 0.030959 seconds
  Import took 0.061134 seconds .

========================================================================
Received Import Request.
  Time since last request: 0.000246 seconds.
  path: Assets/GameFoundation/Resources/Ресурс 5mdpiав.png
  artifactKey: Guid(c31eb35b6db05c34aadce984e9d4a53c) Importer(815301076,1909f56bfc062723c751e8b465ee728b)
Start importing Assets/GameFoundation/Resources/Ресурс 5mdpiав.png using Guid(c31eb35b6db05c34aadce984e9d4a53c) Importer(815301076,1909f56bfc062723c751e8b465ee728b)  -> (artifact id: '500b1beb15f229fcbc08d2a5d301177a') in 0.018058 seconds
  Import took 0.065762 seconds .

========================================================================
Received Import Request.
  Time since last request: 0.000278 seconds.
  path: Assets/GameFoundation/Resources/Ресурс 2mdpiав.png
  artifactKey: Guid(8d0ea74b07dab314db96cf3abdb06732) Importer(815301076,1909f56bfc062723c751e8b465ee728b)
Start importing Assets/GameFoundation/Resources/Ресурс 2mdpiав.png using Guid(8d0ea74b07dab314db96cf3abdb06732) Importer(815301076,1909f56bfc062723c751e8b465ee728b)  -> (artifact id: '11e4684a81b80d07ac619c7ad2b71085') in 0.018152 seconds
  Import took 0.025177 seconds .

========================================================================
Received Import Request.
  Time since last request: 0.000189 seconds.
  path: Assets/GameFoundation/Resources/Ресурс 3mdpiав.png
  artifactKey: Guid(f2fc6fadc706e664d916e6e5c32b3d0b) Importer(815301076,1909f56bfc062723c751e8b465ee728b)
Start importing Assets/GameFoundation/Resources/Ресурс 3mdpiав.png using Guid(f2fc6fadc706e664d916e6e5c32b3d0b) Importer(815301076,1909f56bfc062723c751e8b465ee728b)  -> (artifact id: 'fc23bdc0ff51845ed4e94666e5c2dc58') in 0.020440 seconds
  Import took 0.026514 seconds .

========================================================================
Received Import Request.
  Time since last request: 0.020664 seconds.
  path: Assets/GameFoundation/Resources/Ресурс 3mdpiав.png
  artifactKey: Guid(f2fc6fadc706e664d916e6e5c32b3d0b) Importer(815301076,1909f56bfc062723c751e8b465ee728b)
Start importing Assets/GameFoundation/Resources/Ресурс 3mdpiав.png using Guid(f2fc6fadc706e664d916e6e5c32b3d0b) Importer(815301076,1909f56bfc062723c751e8b465ee728b)  -> (artifact id: 'fc23bdc0ff51845ed4e94666e5c2dc58') in 0.015609 seconds
  Import took 0.022355 seconds .

========================================================================
Received Import Request.
  Time since last request: 48.193725 seconds.
  path: Assets/GameFoundation/Resources/bags1.png
  artifactKey: Guid(39b3b73dfea373b4e9a5113d2828722b) Importer(815301076,1909f56bfc062723c751e8b465ee728b)
Start importing Assets/GameFoundation/Resources/bags1.png using Guid(39b3b73dfea373b4e9a5113d2828722b) Importer(815301076,1909f56bfc062723c751e8b465ee728b)  -> (artifact id: 'eebc4f161adf2910df5702e9e5ecd7f2') in 0.019471 seconds
  Import took 0.129766 seconds .

========================================================================
Received Import Request.
  Time since last request: 4.973222 seconds.
  path: Assets/GameFoundation/Resources/bags2.png
  artifactKey: Guid(8d0ea74b07dab314db96cf3abdb06732) Importer(815301076,1909f56bfc062723c751e8b465ee728b)
Start importing Assets/GameFoundation/Resources/bags2.png using Guid(8d0ea74b07dab314db96cf3abdb06732) Importer(815301076,1909f56bfc062723c751e8b465ee728b)  -> (artifact id: '20e024d5492500f926f13a800b7519a0') in 0.022540 seconds
  Import took 0.148037 seconds .

========================================================================
Received Import Request.
  Time since last request: 4.621439 seconds.
  path: Assets/GameFoundation/Resources/nags3.png
  artifactKey: Guid(f2fc6fadc706e664d916e6e5c32b3d0b) Importer(815301076,1909f56bfc062723c751e8b465ee728b)
Start importing Assets/GameFoundation/Resources/nags3.png using Guid(f2fc6fadc706e664d916e6e5c32b3d0b) Importer(815301076,1909f56bfc062723c751e8b465ee728b)  -> (artifact id: 'ec29439cceecddf250e157e333efa94b') in 0.020414 seconds
  Import took 0.054933 seconds .

========================================================================
Received Import Request.
  Time since last request: 4.339983 seconds.
  path: Assets/GameFoundation/Resources/bags4.png
  artifactKey: Guid(cdb0f7f65d12dd54280f4cf11a0bfb98) Importer(815301076,1909f56bfc062723c751e8b465ee728b)
Start importing Assets/GameFoundation/Resources/bags4.png using Guid(cdb0f7f65d12dd54280f4cf11a0bfb98) Importer(815301076,1909f56bfc062723c751e8b465ee728b)  -> (artifact id: 'a6f22efb2a607fd03e35fc3cf6baf826') in 0.020382 seconds
  Import took 0.047078 seconds .

========================================================================
Received Import Request.
  Time since last request: 4.887995 seconds.
  path: Assets/GameFoundation/Resources/bags5.png
  artifactKey: Guid(c31eb35b6db05c34aadce984e9d4a53c) Importer(815301076,1909f56bfc062723c751e8b465ee728b)
Start importing Assets/GameFoundation/Resources/bags5.png using Guid(c31eb35b6db05c34aadce984e9d4a53c) Importer(815301076,1909f56bfc062723c751e8b465ee728b)  -> (artifact id: '1c687018d6217e7f514cbbbdc25a4659') in 0.020890 seconds
  Import took 0.042784 seconds .

========================================================================
Received Import Request.
  Time since last request: 4046.372272 seconds.
  path: Assets/Scenes/LoadScreneScene.unity
  artifactKey: Guid(fe0bd5838896d0240abb684a45bab48b) Importer(815301076,1909f56bfc062723c751e8b465ee728b)
Start importing Assets/Scenes/LoadScreneScene.unity using Guid(fe0bd5838896d0240abb684a45bab48b) Importer(815301076,1909f56bfc062723c751e8b465ee728b)  -> (artifact id: '8919c15e440169f88a7991c93f824fb5') in 0.011563 seconds
  Import took 0.018644 seconds .

========================================================================
Received Import Request.
  Time since last request: 65.168768 seconds.
  path: Assets/GameFoundation/Resources/GameFoundationSettings.asset
  artifactKey: Guid(cecc3eea8a371c04d99e572f03337bd1) Importer(815301076,1909f56bfc062723c751e8b465ee728b)
Start importing Assets/GameFoundation/Resources/GameFoundationSettings.asset using Guid(cecc3eea8a371c04d99e572f03337bd1) Importer(815301076,1909f56bfc062723c751e8b465ee728b)  -> (artifact id: 'b26fe1a4804130c6485c55e6535358fc') in 0.024856 seconds
  Import took 0.031470 seconds .

========================================================================
Received Import Request.
  Time since last request: 0.302662 seconds.
  path: Assets/GameFoundation/Resources/GameFoundationSettings.asset
  artifactKey: Guid(cecc3eea8a371c04d99e572f03337bd1) Importer(815301076,1909f56bfc062723c751e8b465ee728b)
Start importing Assets/GameFoundation/Resources/GameFoundationSettings.asset using Guid(cecc3eea8a371c04d99e572f03337bd1) Importer(815301076,1909f56bfc062723c751e8b465ee728b)  -> (artifact id: 'b26fe1a4804130c6485c55e6535358fc') in 0.003170 seconds
  Import took 0.009132 seconds .

========================================================================
Received Import Request.
  Time since last request: 570.985106 seconds.
  path: Assets/GameFoundation/GameFoundationCatalog.asset
  artifactKey: Guid(4c6c456f5d068b841819b0bd27db559f) Importer(815301076,1909f56bfc062723c751e8b465ee728b)
Start importing Assets/GameFoundation/GameFoundationCatalog.asset using Guid(4c6c456f5d068b841819b0bd27db559f) Importer(815301076,1909f56bfc062723c751e8b465ee728b)  -> (artifact id: '2fa7d4618a9cb9eba554a144b67e33ee') in 0.088899 seconds
  Import took 0.282337 seconds .

========================================================================
Received Import Request.
  Time since last request: 1.889541 seconds.
  path: Assets/GameFoundation/Resources_moved
  artifactKey: Guid(543405a4d3f176c48a37e56942480c45) Importer(815301076,1909f56bfc062723c751e8b465ee728b)
Start importing Assets/GameFoundation/Resources_moved using Guid(543405a4d3f176c48a37e56942480c45) Importer(815301076,1909f56bfc062723c751e8b465ee728b)  -> (artifact id: 'b387d152b38cc2758b5a4b819406624f') in 0.009374 seconds
  Import took 0.015583 seconds .

========================================================================
Received Import Request.
  Time since last request: 59.178569 seconds.
  path: Assets/UI/StartMenuUI/Images
  artifactKey: Guid(68f111dd9c2b7084fb58975279672e30) Importer(815301076,1909f56bfc062723c751e8b465ee728b)
Start importing Assets/UI/StartMenuUI/Images using Guid(68f111dd9c2b7084fb58975279672e30) Importer(815301076,1909f56bfc062723c751e8b465ee728b)  -> (artifact id: '5ad62375fbad40f403f80a497290a1ff') in 0.008750 seconds
  Import took 0.014946 seconds .

========================================================================
Received Import Request.
  Time since last request: 15.086967 seconds.
  path: Assets/Samples/Game Foundation/0.9.0-preview.3/07 Transactions/TransactionsCatalog.asset
  artifactKey: Guid(186bf4ca68b0441e2aabd7e84d6b5dad) Importer(815301076,1909f56bfc062723c751e8b465ee728b)
Start importing Assets/Samples/Game Foundation/0.9.0-preview.3/07 Transactions/TransactionsCatalog.asset using Guid(186bf4ca68b0441e2aabd7e84d6b5dad) Importer(815301076,1909f56bfc062723c751e8b465ee728b)  -> (artifact id: 'c1d8bf03eafa494a18aee605a4dc7275') in 0.017457 seconds
  Import took 0.042307 seconds .

========================================================================
Received Import Request.
  Time since last request: 101.109746 seconds.
  path: Assets/Game Foundation Prefabs/UI Prefabs
  artifactKey: Guid(92510d85a5bf7498db1697d673aaa884) Importer(815301076,1909f56bfc062723c751e8b465ee728b)
Start importing Assets/Game Foundation Prefabs/UI Prefabs using Guid(92510d85a5bf7498db1697d673aaa884) Importer(815301076,1909f56bfc062723c751e8b465ee728b)  -> (artifact id: '3778b57793d64abc9b232d14734f72b8') in 0.009182 seconds
  Import took 0.016014 seconds .

========================================================================
Received Import Request.
  Time since last request: 2.101118 seconds.
  path: Assets/Game Foundation Prefabs/UI Prefabs/Huds
  artifactKey: Guid(c872096e6239849d4a1d7b9b8c244690) Importer(815301076,1909f56bfc062723c751e8b465ee728b)
Start importing Assets/Game Foundation Prefabs/UI Prefabs/Huds using Guid(c872096e6239849d4a1d7b9b8c244690) Importer(815301076,1909f56bfc062723c751e8b465ee728b)  -> (artifact id: 'fdaec053cba369d7c2590d4db201b989') in 0.008478 seconds
  Import took 0.140431 seconds .

========================================================================
Received Import Request.
  Time since last request: 0.000245 seconds.
  path: Assets/Game Foundation Prefabs/UI Prefabs/Huds/Inventory Item Hud.prefab
  artifactKey: Guid(f72c3531590a7482b8ca239e8098c8b9) Importer(815301076,1909f56bfc062723c751e8b465ee728b)
Start importing Assets/Game Foundation Prefabs/UI Prefabs/Huds/Inventory Item Hud.prefab using Guid(f72c3531590a7482b8ca239e8098c8b9) Importer(815301076,1909f56bfc062723c751e8b465ee728b)  -> (artifact id: '2ff8db0cf357fd30e7bdf5aaf7d4b0eb') in 0.216468 seconds
  Import took 0.241322 seconds .

========================================================================
Received Import Request.
  Time since last request: 0.000254 seconds.
  path: Assets/Game Foundation Prefabs/UI Prefabs/Huds/Currency Hud.prefab
  artifactKey: Guid(4b4185ae36c714b7fb0dafac331c767b) Importer(815301076,1909f56bfc062723c751e8b465ee728b)
Start importing Assets/Game Foundation Prefabs/UI Prefabs/Huds/Currency Hud.prefab using Guid(4b4185ae36c714b7fb0dafac331c767b) Importer(815301076,1909f56bfc062723c751e8b465ee728b)  -> (artifact id: '0a9ddd12eca21bc2ad3938ab2d024578') in 0.029835 seconds
  Import took 0.052581 seconds .

========================================================================
Received Prepare
Registering precompiled user dll's ...
Registered in 0.128859 seconds.
Begin MonoManager ReloadAssembly
Native extension for WindowsStandalone target not found
Refreshing native plugins compatible for Editor in 1.19 ms, found 2 plugins.
Preloading 0 native plugins for Editor in 0.00 ms.
Mono: successfully reloaded assembly
- Completed reload, in  1.239 seconds
Platform modules already initialized, skipping
Switching build target platform(19) subTarget(0) extendedPlatform(0) -> platform(13) subTarget(537395200) extendedPlatform(0)
Shader 'Universal Render Pipeline/Particles/Lit': fallback shader 'Universal Render Pipeline/Particles/SimpleLit' not found
Refreshing native plugins compatible for Editor in 1.15 ms, found 2 plugins.
Preloading 0 native plugins for Editor in 0.00 ms.
Unloading 3149 Unused Serialized files (Serialized files now loaded: 0)
System memory in use before: 144.9 MB.
System memory in use after: 145.2 MB.

Unloading 363 unused Assets to reduce memory usage. Loaded Objects now: 4174.
Total: 6.245500 ms (FindLiveObjects: 0.416800 ms CreateObjectMapping: 0.201700 ms MarkObjects: 5.493000 ms  DeleteObjects: 0.132400 ms)

AssetImportParameters requested are different than current active one (requested -> active):
  custom:graphics/normal-map-encoding: 01000000000000000000000000000000 -> 02000000000000000000000000000000
========================================================================
Received Import Request.
  Time since last request: 61.624559 seconds.
  path: Assets/113 2D Item Icon Pack/Sprite/AccuracyFragment.png
  artifactKey: Guid(3f1d60c2aa5614514b2cc331bbab2cee) Importer(815301076,1909f56bfc062723c751e8b465ee728b)
Start importing Assets/113 2D Item Icon Pack/Sprite/AccuracyFragment.png using Guid(3f1d60c2aa5614514b2cc331bbab2cee) Importer(815301076,1909f56bfc062723c751e8b465ee728b)  -> (artifact id: '1492c488dc2ea3562c38ac5bd6987c90') in 0.109439 seconds
  Import took 0.243288 seconds .

========================================================================
Received Import Request.
  Time since last request: 0.000303 seconds.
  path: Assets/113 2D Item Icon Pack/Sprite/HugeProtectionFragment.png
  artifactKey: Guid(66a42e69bacd1474882607ab0685b4b9) Importer(815301076,1909f56bfc062723c751e8b465ee728b)
Start importing Assets/113 2D Item Icon Pack/Sprite/HugeProtectionFragment.png using Guid(66a42e69bacd1474882607ab0685b4b9) Importer(815301076,1909f56bfc062723c751e8b465ee728b)  -> (artifact id: 'b800299492137613655af2f595be040a') in 0.021327 seconds
  Import took 0.027243 seconds .

========================================================================
Received Import Request.
  Time since last request: 0.000287 seconds.
  path: Assets/113 2D Item Icon Pack/Sprite/HealingPotion.png
  artifactKey: Guid(ee1724ab630d24cebb282289abcf17e1) Importer(815301076,1909f56bfc062723c751e8b465ee728b)
Start importing Assets/113 2D Item Icon Pack/Sprite/HealingPotion.png using Guid(ee1724ab630d24cebb282289abcf17e1) Importer(815301076,1909f56bfc062723c751e8b465ee728b)  -> (artifact id: '7a06893754038185a887cf2ca9726be3') in 0.020966 seconds
  Import took 0.036018 seconds .

========================================================================
Received Import Request.
  Time since last request: 0.000222 seconds.
  path: Assets/113 2D Item Icon Pack/Sprite/Elixir.png
  artifactKey: Guid(f80d62402a1934f6485720a5d98d600a) Importer(815301076,1909f56bfc062723c751e8b465ee728b)
Start importing Assets/113 2D Item Icon Pack/Sprite/Elixir.png using Guid(f80d62402a1934f6485720a5d98d600a) Importer(815301076,1909f56bfc062723c751e8b465ee728b)  -> (artifact id: '20e85c575a0f7baa9f0f3846e68ace00') in 0.024210 seconds
  Import took 0.029722 seconds .

========================================================================
Received Import Request.
  Time since last request: 0.000227 seconds.
  path: Assets/113 2D Item Icon Pack/Sprite/GreenBubble.png
  artifactKey: Guid(042ba44213873440189f87f4b4b88ae7) Importer(815301076,1909f56bfc062723c751e8b465ee728b)
Start importing Assets/113 2D Item Icon Pack/Sprite/GreenBubble.png using Guid(042ba44213873440189f87f4b4b88ae7) Importer(815301076,1909f56bfc062723c751e8b465ee728b)  -> (artifact id: '0fea1a1287b0cdd66482947ec58fd73f') in 0.028440 seconds
  Import took 0.055122 seconds .

========================================================================
Received Import Request.
  Time since last request: 0.000322 seconds.
  path: Assets/113 2D Item Icon Pack/Sprite/HugeSharpnessFragment.png
  artifactKey: Guid(cf14558b4e18843d3a2df64c787d8286) Importer(815301076,1909f56bfc062723c751e8b465ee728b)
Start importing Assets/113 2D Item Icon Pack/Sprite/HugeSharpnessFragment.png using Guid(cf14558b4e18843d3a2df64c787d8286) Importer(815301076,1909f56bfc062723c751e8b465ee728b)  -> (artifact id: '6faf0820e6224b9fb904728b1a7a8878') in 0.022242 seconds
  Import took 0.045008 seconds .

========================================================================
Received Import Request.
  Time since last request: 0.000428 seconds.
  path: Assets/113 2D Item Icon Pack/Sprite/HugeSwiftnessFragment.png
  artifactKey: Guid(331dbb453bae54f3793427425fe65c6e) Importer(815301076,1909f56bfc062723c751e8b465ee728b)
Start importing Assets/113 2D Item Icon Pack/Sprite/HugeSwiftnessFragment.png using Guid(331dbb453bae54f3793427425fe65c6e) Importer(815301076,1909f56bfc062723c751e8b465ee728b)  -> (artifact id: '21ccc3f12d4c306e17212036bf32827c') in 0.019819 seconds
  Import took 0.049162 seconds .

========================================================================
Received Import Request.
  Time since last request: 0.000306 seconds.
  path: Assets/113 2D Item Icon Pack/Sprite/BrokenDarkMatter.png
  artifactKey: Guid(ebb409487c4934d6fafca020b5edea5b) Importer(815301076,1909f56bfc062723c751e8b465ee728b)
Start importing Assets/113 2D Item Icon Pack/Sprite/BrokenDarkMatter.png using Guid(ebb409487c4934d6fafca020b5edea5b) Importer(815301076,1909f56bfc062723c751e8b465ee728b)  -> (artifact id: '65061bbbd4789ea04d176d6298f5ba00') in 0.024193 seconds
  Import took 0.046197 seconds .

========================================================================
Received Import Request.
  Time since last request: 0.000182 seconds.
  path: Assets/113 2D Item Icon Pack/Sprite/LesserAccuracy.png
  artifactKey: Guid(776193d58955a4bf397f92baa08f4151) Importer(815301076,1909f56bfc062723c751e8b465ee728b)
Start importing Assets/113 2D Item Icon Pack/Sprite/LesserAccuracy.png using Guid(776193d58955a4bf397f92baa08f4151) Importer(815301076,1909f56bfc062723c751e8b465ee728b)  -> (artifact id: 'f29c14461acb41e1495bce25bc78f0c9') in 0.019909 seconds
  Import took 0.035520 seconds .

========================================================================
Received Import Request.
  Time since last request: 0.000199 seconds.
  path: Assets/113 2D Item Icon Pack/Sprite/IronOre.png
  artifactKey: Guid(c6f7047ddcbdd47f09c014d6044a5b82) Importer(815301076,1909f56bfc062723c751e8b465ee728b)
Start importing Assets/113 2D Item Icon Pack/Sprite/IronOre.png using Guid(c6f7047ddcbdd47f09c014d6044a5b82) Importer(815301076,1909f56bfc062723c751e8b465ee728b)  -> (artifact id: '512afb84f5a9110fcd2e8f15f3a49d76') in 0.018416 seconds
  Import took 0.032438 seconds .

========================================================================
Received Import Request.
  Time since last request: 0.000259 seconds.
  path: Assets/113 2D Item Icon Pack/Sprite/LesserManaPotion.png
  artifactKey: Guid(2c2d2336318a141e4b50860d2f5f6089) Importer(815301076,1909f56bfc062723c751e8b465ee728b)
Start importing Assets/113 2D Item Icon Pack/Sprite/LesserManaPotion.png using Guid(2c2d2336318a141e4b50860d2f5f6089) Importer(815301076,1909f56bfc062723c751e8b465ee728b)  -> (artifact id: '1afe6a986055de55d8144656dcdaeff2') in 0.019449 seconds
  Import took 0.025826 seconds .

========================================================================
Received Import Request.
  Time since last request: 0.000213 seconds.
  path: Assets/113 2D Item Icon Pack/Sprite/LesserPrayer.png
  artifactKey: Guid(7e014759b47794e55b8a8ec42ab79f18) Importer(815301076,1909f56bfc062723c751e8b465ee728b)
Start importing Assets/113 2D Item Icon Pack/Sprite/LesserPrayer.png using Guid(7e014759b47794e55b8a8ec42ab79f18) Importer(815301076,1909f56bfc062723c751e8b465ee728b)  -> (artifact id: '662e6c2e2e55ca0d911b182fd97701df') in 0.021971 seconds
  Import took 0.027617 seconds .

========================================================================
Received Import Request.
  Time since last request: 0.000265 seconds.
  path: Assets/113 2D Item Icon Pack/Sprite/LesserQuickness.png
  artifactKey: Guid(c27148fcc9ef7428ead2778dbf31a9d2) Importer(815301076,1909f56bfc062723c751e8b465ee728b)
Start importing Assets/113 2D Item Icon Pack/Sprite/LesserQuickness.png using Guid(c27148fcc9ef7428ead2778dbf31a9d2) Importer(815301076,1909f56bfc062723c751e8b465ee728b)  -> (artifact id: 'e376f5bb283fba7a04de50d4c3b73eff') in 0.023559 seconds
  Import took 0.039026 seconds .

========================================================================
Received Import Request.
  Time since last request: 0.000274 seconds.
  path: Assets/113 2D Item Icon Pack/Sprite/CrystalBag.png
  artifactKey: Guid(971c149ca3e174cc1be77667be990bed) Importer(815301076,1909f56bfc062723c751e8b465ee728b)
Start importing Assets/113 2D Item Icon Pack/Sprite/CrystalBag.png using Guid(971c149ca3e174cc1be77667be990bed) Importer(815301076,1909f56bfc062723c751e8b465ee728b)  -> (artifact id: '386ccdf0a9a860cea78416da1775c11d') in 0.019368 seconds
  Import took 0.024810 seconds .

========================================================================
Received Import Request.
  Time since last request: 0.000289 seconds.
  path: Assets/113 2D Item Icon Pack/Sprite/Fur.png
  artifactKey: Guid(6ec9366c795ac434d982aec0c7df4367) Importer(815301076,1909f56bfc062723c751e8b465ee728b)
Start importing Assets/113 2D Item Icon Pack/Sprite/Fur.png using Guid(6ec9366c795ac434d982aec0c7df4367) Importer(815301076,1909f56bfc062723c751e8b465ee728b)  -> (artifact id: 'ab52da74155ffab959de6b288490f78c') in 0.020132 seconds
  Import took 0.033235 seconds .

========================================================================
Received Import Request.
  Time since last request: 0.000204 seconds.
  path: Assets/113 2D Item Icon Pack/Sprite/GolemCore.png
  artifactKey: Guid(78b93a31e0a024f96b2a83d40dac8271) Importer(815301076,1909f56bfc062723c751e8b465ee728b)
Start importing Assets/113 2D Item Icon Pack/Sprite/GolemCore.png using Guid(78b93a31e0a024f96b2a83d40dac8271) Importer(815301076,1909f56bfc062723c751e8b465ee728b)  -> (artifact id: '0d581737e619e5a71414ddb73ef35951') in 0.020038 seconds
  Import took 0.034352 seconds .

========================================================================
Received Import Request.
  Time since last request: 0.000220 seconds.
  path: Assets/113 2D Item Icon Pack/Sprite/HealthFragment.png
  artifactKey: Guid(77051e3d1b7304e6b91373dfc72006d8) Importer(815301076,1909f56bfc062723c751e8b465ee728b)
Start importing Assets/113 2D Item Icon Pack/Sprite/HealthFragment.png using Guid(77051e3d1b7304e6b91373dfc72006d8) Importer(815301076,1909f56bfc062723c751e8b465ee728b)  -> (artifact id: 'a8e81fad99c946e4bab039677bdac33f') in 0.025304 seconds
  Import took 0.057552 seconds .

========================================================================
Received Import Request.
  Time since last request: 0.000208 seconds.
  path: Assets/113 2D Item Icon Pack/Sprite/GoldOre.png
  artifactKey: Guid(1dc7c3d0ac92d40cca93ad23d2f536c4) Importer(815301076,1909f56bfc062723c751e8b465ee728b)
Start importing Assets/113 2D Item Icon Pack/Sprite/GoldOre.png using Guid(1dc7c3d0ac92d40cca93ad23d2f536c4) Importer(815301076,1909f56bfc062723c751e8b465ee728b)  -> (artifact id: '367fba51c6d803aa2887c28b61cdb43c') in 0.018339 seconds
  Import took 0.062931 seconds .

========================================================================
Received Import Request.
  Time since last request: 0.000244 seconds.
  path: Assets/113 2D Item Icon Pack/Sprite/HugeHealthFragment.png
  artifactKey: Guid(42199df5ac5654c8da31ff2367f9b163) Importer(815301076,1909f56bfc062723c751e8b465ee728b)
Start importing Assets/113 2D Item Icon Pack/Sprite/HugeHealthFragment.png using Guid(42199df5ac5654c8da31ff2367f9b163) Importer(815301076,1909f56bfc062723c751e8b465ee728b)  -> (artifact id: '97ea980b48d31b03fffdba74ca987e75') in 0.021149 seconds
  Import took 0.170901 seconds .

========================================================================
Received Import Request.
  Time since last request: 0.000260 seconds.
  path: Assets/113 2D Item Icon Pack/Sprite/LesserFragUnknown.png
  artifactKey: Guid(3ea38f987d5c149848ad4fe0d8fcb5fc) Importer(815301076,1909f56bfc062723c751e8b465ee728b)
Start importing Assets/113 2D Item Icon Pack/Sprite/LesserFragUnknown.png using Guid(3ea38f987d5c149848ad4fe0d8fcb5fc) Importer(815301076,1909f56bfc062723c751e8b465ee728b)  -> (artifact id: '4b424fbc26c21a7633fef3670911c03a') in 0.019926 seconds
  Import took 0.100762 seconds .

========================================================================
Received Import Request.
  Time since last request: 0.000359 seconds.
  path: Assets/113 2D Item Icon Pack/Sprite/FullCoinBag.png
  artifactKey: Guid(01330dc57ce944de7a6967e1d4be9e28) Importer(815301076,1909f56bfc062723c751e8b465ee728b)
Start importing Assets/113 2D Item Icon Pack/Sprite/FullCoinBag.png using Guid(01330dc57ce944de7a6967e1d4be9e28) Importer(815301076,1909f56bfc062723c751e8b465ee728b)  -> (artifact id: '545120bbbf939027dd19f2f363addaac') in 0.019353 seconds
  Import took 0.237887 seconds .

========================================================================
Received Import Request.
  Time since last request: 0.000281 seconds.
  path: Assets/113 2D Item Icon Pack/Sprite/Copper.png
  artifactKey: Guid(2feb4552f4abe4453a05e794182ccb9a) Importer(815301076,1909f56bfc062723c751e8b465ee728b)
Start importing Assets/113 2D Item Icon Pack/Sprite/Copper.png using Guid(2feb4552f4abe4453a05e794182ccb9a) Importer(815301076,1909f56bfc062723c751e8b465ee728b)  -> (artifact id: '825f1bdcd4de06e7148c826c1f9e91d4') in 0.021237 seconds
  Import took 0.552603 seconds .

========================================================================
Received Import Request.
  Time since last request: 0.000241 seconds.
  path: Assets/113 2D Item Icon Pack/Sprite/_Shade.png
  artifactKey: Guid(a1c6b89f0c3fc4b9d9cbc6fcc044fc62) Importer(815301076,1909f56bfc062723c751e8b465ee728b)
Start importing Assets/113 2D Item Icon Pack/Sprite/_Shade.png using Guid(a1c6b89f0c3fc4b9d9cbc6fcc044fc62) Importer(815301076,1909f56bfc062723c751e8b465ee728b)  -> (artifact id: '95d30556cbc8d9e919cecf05da937d66') in 0.020216 seconds
  Import took 0.783396 seconds .

========================================================================
Received Import Request.
  Time since last request: 0.000202 seconds.
  path: Assets/113 2D Item Icon Pack/Sprite/BoneRing.png
  artifactKey: Guid(3edd13f59849e40659b2df931d713fc2) Importer(815301076,1909f56bfc062723c751e8b465ee728b)
Start importing Assets/113 2D Item Icon Pack/Sprite/BoneRing.png using Guid(3edd13f59849e40659b2df931d713fc2) Importer(815301076,1909f56bfc062723c751e8b465ee728b)  -> (artifact id: '3576d95a570b1cda137e4c618258b378') in 0.019249 seconds
  Import took 0.077235 seconds .

========================================================================
Received Import Request.
  Time since last request: 0.000220 seconds.
  path: Assets/113 2D Item Icon Pack/Sprite/Drybean.png
  artifactKey: Guid(6027e28238ebb4744bfab49ddf89952f) Importer(815301076,1909f56bfc062723c751e8b465ee728b)
Start importing Assets/113 2D Item Icon Pack/Sprite/Drybean.png using Guid(6027e28238ebb4744bfab49ddf89952f) Importer(815301076,1909f56bfc062723c751e8b465ee728b)  -> (artifact id: 'd959f2844e3742e49f3de83615c59813') in 0.018698 seconds
  Import took 0.071379 seconds .

========================================================================
Received Import Request.
  Time since last request: 0.000302 seconds.
  path: Assets/113 2D Item Icon Pack/Sprite
  artifactKey: Guid(a4af51c98f9604bd4967d783efa6bf6d) Importer(815301076,1909f56bfc062723c751e8b465ee728b)
Start importing Assets/113 2D Item Icon Pack/Sprite using Guid(a4af51c98f9604bd4967d783efa6bf6d) Importer(815301076,1909f56bfc062723c751e8b465ee728b)  -> (artifact id: '6a616c9386e57aabaca1d8e6da2372f1') in 0.007100 seconds
  Import took 0.033168 seconds .

========================================================================
Received Import Request.
  Time since last request: 0.000247 seconds.
  path: Assets/113 2D Item Icon Pack/Sprite/DustyOre.png
  artifactKey: Guid(2b2a034aa25ce4f7a818bb0df99f6ccc) Importer(815301076,1909f56bfc062723c751e8b465ee728b)
Start importing Assets/113 2D Item Icon Pack/Sprite/DustyOre.png using Guid(2b2a034aa25ce4f7a818bb0df99f6ccc) Importer(815301076,1909f56bfc062723c751e8b465ee728b)  -> (artifact id: 'f4a2b01398ceef7d6cd8c23ba565646e') in 0.024742 seconds
  Import took 0.072016 seconds .

========================================================================
Received Import Request.
  Time since last request: 0.000221 seconds.
  path: Assets/113 2D Item Icon Pack/Sprite/BrokenCandycane.png
  artifactKey: Guid(46729a92ff0734b9f9af7f2c2d3a7263) Importer(815301076,1909f56bfc062723c751e8b465ee728b)
Start importing Assets/113 2D Item Icon Pack/Sprite/BrokenCandycane.png using Guid(46729a92ff0734b9f9af7f2c2d3a7263) Importer(815301076,1909f56bfc062723c751e8b465ee728b)  -> (artifact id: '71b9efd4325013c67f8945bce3a01f02') in 0.018676 seconds
  Import took 0.057109 seconds .

========================================================================
Received Import Request.
  Time since last request: 0.000198 seconds.
  path: Assets/113 2D Item Icon Pack/Sprite/GiftPaper.png
  artifactKey: Guid(7050dea154fc046a7bb5a7d409a28655) Importer(815301076,1909f56bfc062723c751e8b465ee728b)
Start importing Assets/113 2D Item Icon Pack/Sprite/GiftPaper.png using Guid(7050dea154fc046a7bb5a7d409a28655) Importer(815301076,1909f56bfc062723c751e8b465ee728b)  -> (artifact id: '4c4cfd7986ca21fbeb40b68218c5d719') in 0.020348 seconds
  Import took 0.053179 seconds .

========================================================================
Received Import Request.
  Time since last request: 0.000278 seconds.
  path: Assets/113 2D Item Icon Pack/Sprite/LesserHealth.png
  artifactKey: Guid(a7c7b4870fc8a4ce690390a9ae6cdd6c) Importer(815301076,1909f56bfc062723c751e8b465ee728b)
Start importing Assets/113 2D Item Icon Pack/Sprite/LesserHealth.png using Guid(a7c7b4870fc8a4ce690390a9ae6cdd6c) Importer(815301076,1909f56bfc062723c751e8b465ee728b)  -> (artifact id: 'f769ec0157bd937a07a5e11b4923b961') in 0.020679 seconds
  Import took 0.066347 seconds .

========================================================================
Received Import Request.
  Time since last request: 0.000187 seconds.
  path: Assets/113 2D Item Icon Pack/Sprite/LesserArcane.png
  artifactKey: Guid(3d25e3540ef2540b781c8cd914a95397) Importer(815301076,1909f56bfc062723c751e8b465ee728b)
Start importing Assets/113 2D Item Icon Pack/Sprite/LesserArcane.png using Guid(3d25e3540ef2540b781c8cd914a95397) Importer(815301076,1909f56bfc062723c751e8b465ee728b)  -> (artifact id: '6df13872c59bbe8ad388ca232fff8162') in 0.025131 seconds
  Import took 0.086575 seconds .

========================================================================
Received Import Request.
  Time since last request: 0.000199 seconds.
  path: Assets/113 2D Item Icon Pack/Sprite/HugePrayFragment.png
  artifactKey: Guid(2cc42ba925fd5421fa0bae958962b79b) Importer(815301076,1909f56bfc062723c751e8b465ee728b)
Start importing Assets/113 2D Item Icon Pack/Sprite/HugePrayFragment.png using Guid(2cc42ba925fd5421fa0bae958962b79b) Importer(815301076,1909f56bfc062723c751e8b465ee728b)  -> (artifact id: '169ef6766f4870c09b5b8521107470cf') in 0.027131 seconds
  Import took 0.048424 seconds .

========================================================================
Received Import Request.
  Time since last request: 0.000259 seconds.
  path: Assets/113 2D Item Icon Pack/Sprite/LesserProtector.png
  artifactKey: Guid(9284f74d651e54610920d6b7680f228b) Importer(815301076,1909f56bfc062723c751e8b465ee728b)
Start importing Assets/113 2D Item Icon Pack/Sprite/LesserProtector.png using Guid(9284f74d651e54610920d6b7680f228b) Importer(815301076,1909f56bfc062723c751e8b465ee728b)  -> (artifact id: '031ce2bcc74dda931f1c6462d1afa2df') in 0.030338 seconds
  Import took 0.036954 seconds .

========================================================================
Received Import Request.
  Time since last request: 0.000227 seconds.
  path: Assets/113 2D Item Icon Pack/Sprite/LesserResistance.png
  artifactKey: Guid(4bf5ded5cf8b841b085dd843115310ec) Importer(815301076,1909f56bfc062723c751e8b465ee728b)
Start importing Assets/113 2D Item Icon Pack/Sprite/LesserResistance.png using Guid(4bf5ded5cf8b841b085dd843115310ec) Importer(815301076,1909f56bfc062723c751e8b465ee728b)  -> (artifact id: 'efceedd14845a2eb1652caf6b43f4c02') in 0.021871 seconds
  Import took 0.041428 seconds .

========================================================================
Received Import Request.
  Time since last request: 0.000265 seconds.
  path: Assets/113 2D Item Icon Pack/Sprite/HugePowerFragment.png
  artifactKey: Guid(1f4e0442942964fb5a4b3094cf0b9435) Importer(815301076,1909f56bfc062723c751e8b465ee728b)
Start importing Assets/113 2D Item Icon Pack/Sprite/HugePowerFragment.png using Guid(1f4e0442942964fb5a4b3094cf0b9435) Importer(815301076,1909f56bfc062723c751e8b465ee728b)  -> (artifact id: '6e1064c0bb8451b46ce860ac3d413119') in 0.035842 seconds
  Import took 0.062234 seconds .

========================================================================
Received Import Request.
  Time since last request: 0.000362 seconds.
  path: Assets/113 2D Item Icon Pack/Sprite/LesserElixir.png
  artifactKey: Guid(67d9ea53408b540fcbf05eb85e79e74c) Importer(815301076,1909f56bfc062723c751e8b465ee728b)
Start importing Assets/113 2D Item Icon Pack/Sprite/LesserElixir.png using Guid(67d9ea53408b540fcbf05eb85e79e74c) Importer(815301076,1909f56bfc062723c751e8b465ee728b)  -> (artifact id: 'e53aa4cdea4fb2b2554523113e1ce768') in 0.024006 seconds
  Import took 0.030451 seconds .

========================================================================
Received Import Request.
  Time since last request: 0.000218 seconds.
  path: Assets/113 2D Item Icon Pack/Sprite/LesserProofScroll.png
  artifactKey: Guid(8f5894c048f644f3b88c0b5967a6cbd3) Importer(815301076,1909f56bfc062723c751e8b465ee728b)
Start importing Assets/113 2D Item Icon Pack/Sprite/LesserProofScroll.png using Guid(8f5894c048f644f3b88c0b5967a6cbd3) Importer(815301076,1909f56bfc062723c751e8b465ee728b)  -> (artifact id: '7242d942607308996a19c7805eb538e6') in 0.037441 seconds
  Import took 0.044842 seconds .

========================================================================
Received Import Request.
  Time since last request: 0.000249 seconds.
  path: Assets/113 2D Item Icon Pack/Sprite/Bag.png
  artifactKey: Guid(ddabdfafe460547878641801c009cb11) Importer(815301076,1909f56bfc062723c751e8b465ee728b)
Start importing Assets/113 2D Item Icon Pack/Sprite/Bag.png using Guid(ddabdfafe460547878641801c009cb11) Importer(815301076,1909f56bfc062723c751e8b465ee728b)  -> (artifact id: '86dac12461b3ad6e7c3be7b481a53cd7') in 0.030176 seconds
  Import took 0.082190 seconds .

========================================================================
Received Import Request.
  Time since last request: 0.000207 seconds.
  path: Assets/113 2D Item Icon Pack/Sprite/BrokenPickaxe.png
  artifactKey: Guid(7943f0b9339844c8fa994ef94f092b93) Importer(815301076,1909f56bfc062723c751e8b465ee728b)
Start importing Assets/113 2D Item Icon Pack/Sprite/BrokenPickaxe.png using Guid(7943f0b9339844c8fa994ef94f092b93) Importer(815301076,1909f56bfc062723c751e8b465ee728b)  -> (artifact id: '10a14f09f726d78ac7d507e87405aadf') in 0.025505 seconds
  Import took 0.031835 seconds .

========================================================================
Received Import Request.
  Time since last request: 0.000372 seconds.
  path: Assets/113 2D Item Icon Pack/Sprite/bLACKBubble.png
  artifactKey: Guid(5d6c041564aa549719605080027369d2) Importer(815301076,1909f56bfc062723c751e8b465ee728b)
Start importing Assets/113 2D Item Icon Pack/Sprite/bLACKBubble.png using Guid(5d6c041564aa549719605080027369d2) Importer(815301076,1909f56bfc062723c751e8b465ee728b)  -> (artifact id: '855f55f773e19429357c1d9734ba8a99') in 0.025326 seconds
  Import took 0.032026 seconds .

========================================================================
Received Import Request.
  Time since last request: 0.000227 seconds.
  path: Assets/113 2D Item Icon Pack/Sprite/CursedSkullPiece.png
  artifactKey: Guid(60cfa7e4a30b54a06b82f81391f03030) Importer(815301076,1909f56bfc062723c751e8b465ee728b)
Start importing Assets/113 2D Item Icon Pack/Sprite/CursedSkullPiece.png using Guid(60cfa7e4a30b54a06b82f81391f03030) Importer(815301076,1909f56bfc062723c751e8b465ee728b)  -> (artifact id: '5a6f0fdec4e39a71f8de87096696aadf') in 0.028481 seconds
  Import took 0.034003 seconds .

========================================================================
Received Import Request.
  Time since last request: 0.000261 seconds.
  path: Assets/113 2D Item Icon Pack/Sprite/Collecting Item.png
  artifactKey: Guid(519e19bb328a54142be961911cc48b50) Importer(815301076,1909f56bfc062723c751e8b465ee728b)
Start importing Assets/113 2D Item Icon Pack/Sprite/Collecting Item.png using Guid(519e19bb328a54142be961911cc48b50) Importer(815301076,1909f56bfc062723c751e8b465ee728b)  -> (artifact id: '4007cad9f3344046d48f87032faf8c1b') in 0.023910 seconds
  Import took 0.029800 seconds .

========================================================================
Received Import Request.
  Time since last request: 0.000234 seconds.
  path: Assets/113 2D Item Icon Pack/Sprite/LesserMana.png
  artifactKey: Guid(d90e197bcaf0147c9866a54a84327f25) Importer(815301076,1909f56bfc062723c751e8b465ee728b)
Start importing Assets/113 2D Item Icon Pack/Sprite/LesserMana.png using Guid(d90e197bcaf0147c9866a54a84327f25) Importer(815301076,1909f56bfc062723c751e8b465ee728b)  -> (artifact id: '2eea47fa62ae42b53f1fa8e53a09298d') in 0.020163 seconds
  Import took 0.064268 seconds .

========================================================================
Received Import Request.
  Time since last request: 0.000314 seconds.
  path: Assets/113 2D Item Icon Pack/Sprite/ArcaneFragment.png
  artifactKey: Guid(af43187fe78bf4124b5b3d89ceae73e6) Importer(815301076,1909f56bfc062723c751e8b465ee728b)
Start importing Assets/113 2D Item Icon Pack/Sprite/ArcaneFragment.png using Guid(af43187fe78bf4124b5b3d89ceae73e6) Importer(815301076,1909f56bfc062723c751e8b465ee728b)  -> (artifact id: '4191c8ef90db14e7bcb2232b0be03a4d') in 0.020257 seconds
  Import took 0.052113 seconds .

========================================================================
Received Import Request.
  Time since last request: 0.000320 seconds.
  path: Assets/113 2D Item Icon Pack/Sprite/IronBucket.png
  artifactKey: Guid(322976b9d65394927835453e0d9cd9dd) Importer(815301076,1909f56bfc062723c751e8b465ee728b)
Start importing Assets/113 2D Item Icon Pack/Sprite/IronBucket.png using Guid(322976b9d65394927835453e0d9cd9dd) Importer(815301076,1909f56bfc062723c751e8b465ee728b)  -> (artifact id: '1035e5a5a179ee6845180db000f8e969') in 0.018622 seconds
  Import took 0.024465 seconds .

========================================================================
Received Import Request.
  Time since last request: 0.000249 seconds.
  path: Assets/113 2D Item Icon Pack/Sprite/HugeManaFragment.png
  artifactKey: Guid(ef2cf12d8ff8b4d93bf5b82b7746648a) Importer(815301076,1909f56bfc062723c751e8b465ee728b)
Start importing Assets/113 2D Item Icon Pack/Sprite/HugeManaFragment.png using Guid(ef2cf12d8ff8b4d93bf5b82b7746648a) Importer(815301076,1909f56bfc062723c751e8b465ee728b)  -> (artifact id: '76b33e2d4cb66a905f8140b413dac382') in 0.019949 seconds
  Import took 0.053956 seconds .

========================================================================
Received Import Request.
  Time since last request: 0.000282 seconds.
  path: Assets/113 2D Item Icon Pack/Sprite/LesserPower.png
  artifactKey: Guid(4aed2269993084dda83f30f420dae746) Importer(815301076,1909f56bfc062723c751e8b465ee728b)
Start importing Assets/113 2D Item Icon Pack/Sprite/LesserPower.png using Guid(4aed2269993084dda83f30f420dae746) Importer(815301076,1909f56bfc062723c751e8b465ee728b)  -> (artifact id: 'c1b46afeefd6a1cce1835ed03b3556ff') in 0.018405 seconds
  Import took 0.025002 seconds .

========================================================================
Received Import Request.
  Time since last request: 0.000195 seconds.
  path: Assets/113 2D Item Icon Pack/Sprite/Jaw.png
  artifactKey: Guid(a5ecbdc1273864613ac2ee77cd6c60c8) Importer(815301076,1909f56bfc062723c751e8b465ee728b)
Start importing Assets/113 2D Item Icon Pack/Sprite/Jaw.png using Guid(a5ecbdc1273864613ac2ee77cd6c60c8) Importer(815301076,1909f56bfc062723c751e8b465ee728b)  -> (artifact id: 'a3c5c06aa2ac67a2fc99a4d9abf7ae48') in 0.018191 seconds
  Import took 0.024081 seconds .

========================================================================
Received Import Request.
  Time since last request: 0.000194 seconds.
  path: Assets/113 2D Item Icon Pack/Sprite/FullCrystalBag.png
  artifactKey: Guid(119331e0884224a95a56b58e062d0f72) Importer(815301076,1909f56bfc062723c751e8b465ee728b)
Start importing Assets/113 2D Item Icon Pack/Sprite/FullCrystalBag.png using Guid(119331e0884224a95a56b58e062d0f72) Importer(815301076,1909f56bfc062723c751e8b465ee728b)  -> (artifact id: 'b8fb090303516db2b26998ffc8c5be4c') in 0.019492 seconds
  Import took 0.025566 seconds .

========================================================================
Received Import Request.
  Time since last request: 0.000245 seconds.
  path: Assets/113 2D Item Icon Pack/Sprite/CookieShield.png
  artifactKey: Guid(bf42915795c7941c3a9dc79218497b0c) Importer(815301076,1909f56bfc062723c751e8b465ee728b)
Start importing Assets/113 2D Item Icon Pack/Sprite/CookieShield.png using Guid(bf42915795c7941c3a9dc79218497b0c) Importer(815301076,1909f56bfc062723c751e8b465ee728b)  -> (artifact id: '822a747a594e6c5ca53d65a9a53e611a') in 0.018032 seconds
  Import took 0.023623 seconds .

========================================================================
Received Import Request.
  Time since last request: 0.000184 seconds.
  path: Assets/113 2D Item Icon Pack/Sprite/GreenGiftbox.png
  artifactKey: Guid(bd8cfd324dc894d97892a9a6fbf62d1d) Importer(815301076,1909f56bfc062723c751e8b465ee728b)
Start importing Assets/113 2D Item Icon Pack/Sprite/GreenGiftbox.png using Guid(bd8cfd324dc894d97892a9a6fbf62d1d) Importer(815301076,1909f56bfc062723c751e8b465ee728b)  -> (artifact id: '435418bf7587f7b4d77b4be9e8f9eb4a') in 0.017662 seconds
  Import took 0.142665 seconds .

========================================================================
Received Import Request.
  Time since last request: 0.000251 seconds.
  path: Assets/113 2D Item Icon Pack/Sprite/Aboneminate.png
  artifactKey: Guid(5ada7cc1e0d064be3badf97adf6b1dd3) Importer(815301076,1909f56bfc062723c751e8b465ee728b)
Start importing Assets/113 2D Item Icon Pack/Sprite/Aboneminate.png using Guid(5ada7cc1e0d064be3badf97adf6b1dd3) Importer(815301076,1909f56bfc062723c751e8b465ee728b)  -> (artifact id: 'a2e4e18cb36d273d716aceffcfde4ccb') in 0.018480 seconds
  Import took 0.224784 seconds .

========================================================================
Received Import Request.
  Time since last request: 0.000286 seconds.
  path: Assets/113 2D Item Icon Pack/Sprite/LesserHastingScroll.png
  artifactKey: Guid(b9ffb39cde8d74f74a2ce746ce500fba) Importer(815301076,1909f56bfc062723c751e8b465ee728b)
Start importing Assets/113 2D Item Icon Pack/Sprite/LesserHastingScroll.png using Guid(b9ffb39cde8d74f74a2ce746ce500fba) Importer(815301076,1909f56bfc062723c751e8b465ee728b)  -> (artifact id: 'e7ef8e6573f599f337793bbf47e76158') in 0.017380 seconds
  Import took 0.218426 seconds .

========================================================================
Received Import Request.
  Time since last request: 0.000268 seconds.
  path: Assets/113 2D Item Icon Pack/Sprite/Crystal.png
  artifactKey: Guid(b25f87142874845d5bf539d5f4238565) Importer(815301076,1909f56bfc062723c751e8b465ee728b)
Start importing Assets/113 2D Item Icon Pack/Sprite/Crystal.png using Guid(b25f87142874845d5bf539d5f4238565) Importer(815301076,1909f56bfc062723c751e8b465ee728b)  -> (artifact id: '4c19128f40fd0d448ea3785a9dbce132') in 0.045467 seconds
  Import took 0.087191 seconds .

========================================================================
Received Import Request.
  Time since last request: 0.000288 seconds.
  path: Assets/113 2D Item Icon Pack/Sprite/GingerBread.png
  artifactKey: Guid(d06b6f6b738e3456f96d51a5c3323f18) Importer(815301076,1909f56bfc062723c751e8b465ee728b)
Start importing Assets/113 2D Item Icon Pack/Sprite/GingerBread.png using Guid(d06b6f6b738e3456f96d51a5c3323f18) Importer(815301076,1909f56bfc062723c751e8b465ee728b)  -> (artifact id: '6273eadd269d0d933f287df6093997fd') in 0.017597 seconds
  Import took 0.045785 seconds .

========================================================================
Received Import Request.
  Time since last request: 0.000269 seconds.
  path: Assets/113 2D Item Icon Pack/Scene
  artifactKey: Guid(029a037170dc34336a8fa611f6777f90) Importer(815301076,1909f56bfc062723c751e8b465ee728b)
Start importing Assets/113 2D Item Icon Pack/Scene using Guid(029a037170dc34336a8fa611f6777f90) Importer(815301076,1909f56bfc062723c751e8b465ee728b)  -> (artifact id: 'd00c94244140342b962f3427db11ec35') in 0.006708 seconds
  Import took 0.012212 seconds .

========================================================================
Received Import Request.
  Time since last request: 0.000208 seconds.
  path: Assets/113 2D Item Icon Pack/Sprite/LesserRunningScroll.png
  artifactKey: Guid(bed4725e3fce140ec9eb9af5bb7562ce) Importer(815301076,1909f56bfc062723c751e8b465ee728b)
Start importing Assets/113 2D Item Icon Pack/Sprite/LesserRunningScroll.png using Guid(bed4725e3fce140ec9eb9af5bb7562ce) Importer(815301076,1909f56bfc062723c751e8b465ee728b)  -> (artifact id: 'b3accfe38443152b8a841c7956da5e41') in 0.018041 seconds
  Import took 0.089140 seconds .

========================================================================
Received Import Request.
  Time since last request: 0.000235 seconds.
  path: Assets/113 2D Item Icon Pack/Sprite/BrokenShovel.png
  artifactKey: Guid(8b603be824e7a4a9f8cad21c15ca93dc) Importer(815301076,1909f56bfc062723c751e8b465ee728b)
Start importing Assets/113 2D Item Icon Pack/Sprite/BrokenShovel.png using Guid(8b603be824e7a4a9f8cad21c15ca93dc) Importer(815301076,1909f56bfc062723c751e8b465ee728b)  -> (artifact id: 'd998d99827fdae4c45eb9a0b6d32d2a7') in 0.019139 seconds
  Import took 0.126492 seconds .

========================================================================
Received Import Request.
  Time since last request: 0.000221 seconds.
  path: Assets/113 2D Item Icon Pack/Sprite/LesserHealingPotion.png
  artifactKey: Guid(9bd9f1e9df8e14bdea351dfb350ddc36) Importer(815301076,1909f56bfc062723c751e8b465ee728b)
Start importing Assets/113 2D Item Icon Pack/Sprite/LesserHealingPotion.png using Guid(9bd9f1e9df8e14bdea351dfb350ddc36) Importer(815301076,1909f56bfc062723c751e8b465ee728b)  -> (artifact id: '580a8b2985d561e8fc1fee04de194d4b') in 0.017483 seconds
  Import took 0.428190 seconds .

========================================================================
Received Import Request.
  Time since last request: 0.000288 seconds.
  path: Assets/113 2D Item Icon Pack/Sprite/HugeArcaneFragment.png
  artifactKey: Guid(43589878d1ee64d3db324412ad4b8df4) Importer(815301076,1909f56bfc062723c751e8b465ee728b)
Start importing Assets/113 2D Item Icon Pack/Sprite/HugeArcaneFragment.png using Guid(43589878d1ee64d3db324412ad4b8df4) Importer(815301076,1909f56bfc062723c751e8b465ee728b)  -> (artifact id: 'b6a2ecdbd1ce4e5dac652e482021adf0') in 0.018656 seconds
  Import took 0.024351 seconds .

========================================================================
Received Import Request.
  Time since last request: 0.000198 seconds.
  path: Assets/113 2D Item Icon Pack/Sprite/CoinBag.png
  artifactKey: Guid(96168f596ede54c64a7938a56b5927ea) Importer(815301076,1909f56bfc062723c751e8b465ee728b)
Start importing Assets/113 2D Item Icon Pack/Sprite/CoinBag.png using Guid(96168f596ede54c64a7938a56b5927ea) Importer(815301076,1909f56bfc062723c751e8b465ee728b)  -> (artifact id: 'bbd931e9d4a7e397ad51cf046b2a38e7') in 0.019352 seconds
  Import took 0.071487 seconds .

========================================================================
Received Import Request.
  Time since last request: 0.000289 seconds.
  path: Assets/113 2D Item Icon Pack/Sprite/BearDoll.png
  artifactKey: Guid(bac278a536d054d52bbac93ca523c17b) Importer(815301076,1909f56bfc062723c751e8b465ee728b)
Start importing Assets/113 2D Item Icon Pack/Sprite/BearDoll.png using Guid(bac278a536d054d52bbac93ca523c17b) Importer(815301076,1909f56bfc062723c751e8b465ee728b)  -> (artifact id: 'd106d432b3c813c8765fbf3bec4b96e8') in 0.017158 seconds
  Import took 0.043297 seconds .

========================================================================
Received Import Request.
  Time since last request: 0.000321 seconds.
  path: Assets/113 2D Item Icon Pack/Sprite/MagicStar.png
  artifactKey: Guid(5774fd719d3f4406a88a3714c45ce097) Importer(815301076,1909f56bfc062723c751e8b465ee728b)
Start importing Assets/113 2D Item Icon Pack/Sprite/MagicStar.png using Guid(5774fd719d3f4406a88a3714c45ce097) Importer(815301076,1909f56bfc062723c751e8b465ee728b)  -> (artifact id: 'af7055e8f36399ba6643f1e0e034818c') in 0.017451 seconds
  Import took 0.028343 seconds .

========================================================================
Received Import Request.
  Time since last request: 0.000236 seconds.
  path: Assets/113 2D Item Icon Pack/Sprite/Fork.png
  artifactKey: Guid(ddbf4cac188ad48e6a8b02968f022176) Importer(815301076,1909f56bfc062723c751e8b465ee728b)
Start importing Assets/113 2D Item Icon Pack/Sprite/Fork.png using Guid(ddbf4cac188ad48e6a8b02968f022176) Importer(815301076,1909f56bfc062723c751e8b465ee728b)  -> (artifact id: 'b68d369deb595417988046adc8a419f0') in 0.018912 seconds
  Import took 0.024393 seconds .

========================================================================
Received Import Request.
  Time since last request: 0.000311 seconds.
  path: Assets/113 2D Item Icon Pack/Sprite/BloodEmber.png
  artifactKey: Guid(ebffab9d8e3844f089df91f790184f81) Importer(815301076,1909f56bfc062723c751e8b465ee728b)
Start importing Assets/113 2D Item Icon Pack/Sprite/BloodEmber.png using Guid(ebffab9d8e3844f089df91f790184f81) Importer(815301076,1909f56bfc062723c751e8b465ee728b)  -> (artifact id: '37affccdc60f7dd84b7c3e26cab89f97') in 0.020214 seconds
  Import took 0.037135 seconds .

========================================================================
Received Import Request.
  Time since last request: 0.000224 seconds.
  path: Assets/113 2D Item Icon Pack/Sprite/EXPTicket.png
  artifactKey: Guid(185b077b83b1e48429b417716b81c84a) Importer(815301076,1909f56bfc062723c751e8b465ee728b)
Start importing Assets/113 2D Item Icon Pack/Sprite/EXPTicket.png using Guid(185b077b83b1e48429b417716b81c84a) Importer(815301076,1909f56bfc062723c751e8b465ee728b)  -> (artifact id: '8253783ccce4725decb79fd27d3eadef') in 0.017959 seconds
  Import took 0.024015 seconds .

========================================================================
Received Import Request.
  Time since last request: 0.000241 seconds.
  path: Assets/113 2D Item Icon Pack/Sprite/LesserSharpness.png
  artifactKey: Guid(a70a206f073274fb4a0b7e0c12ce8f36) Importer(815301076,1909f56bfc062723c751e8b465ee728b)
Start importing Assets/113 2D Item Icon Pack/Sprite/LesserSharpness.png using Guid(a70a206f073274fb4a0b7e0c12ce8f36) Importer(815301076,1909f56bfc062723c751e8b465ee728b)  -> (artifact id: '3aa738a37a2bb8c96af8acbe681c42f7') in 0.018975 seconds
  Import took 0.057028 seconds .

========================================================================
Received Import Request.
  Time since last request: 0.000260 seconds.
  path: Assets/113 2D Item Icon Pack/Sprite/Candycane.png
  artifactKey: Guid(4abdf30d55a864d5aad3285f2bf3b869) Importer(815301076,1909f56bfc062723c751e8b465ee728b)
Start importing Assets/113 2D Item Icon Pack/Sprite/Candycane.png using Guid(4abdf30d55a864d5aad3285f2bf3b869) Importer(815301076,1909f56bfc062723c751e8b465ee728b)  -> (artifact id: 'c751777245f3cbfab33dc30c98f8888e') in 0.017974 seconds
  Import took 0.057410 seconds .

========================================================================
Received Import Request.
  Time since last request: 0.000279 seconds.
  path: Assets/113 2D Item Icon Pack/Sprite/HugeResistFragment.png
  artifactKey: Guid(cbce8c2bef3424f74ad0e6c3e8919ffc) Importer(815301076,1909f56bfc062723c751e8b465ee728b)
Start importing Assets/113 2D Item Icon Pack/Sprite/HugeResistFragment.png using Guid(cbce8c2bef3424f74ad0e6c3e8919ffc) Importer(815301076,1909f56bfc062723c751e8b465ee728b)  -> (artifact id: 'a5d6bf2fe26096464255864c3d9c4a05') in 0.032502 seconds
  Import took 0.061745 seconds .

========================================================================
Received Import Request.
  Time since last request: 0.000275 seconds.
  path: Assets/113 2D Item Icon Pack/Sprite/BrokenMagicwand.png
  artifactKey: Guid(62c512f968aec4de5b7bcf453ae0d2f6) Importer(815301076,1909f56bfc062723c751e8b465ee728b)
Start importing Assets/113 2D Item Icon Pack/Sprite/BrokenMagicwand.png using Guid(62c512f968aec4de5b7bcf453ae0d2f6) Importer(815301076,1909f56bfc062723c751e8b465ee728b)  -> (artifact id: '9e9f221cc54dca992a112729ce1e08cc') in 0.017399 seconds
  Import took 0.022807 seconds .

========================================================================
Received Import Request.
  Time since last request: 0.000282 seconds.
  path: Assets/113 2D Item Icon Pack/Sprite/LesserCastingScroll.png
  artifactKey: Guid(161aebb34ee9440afa2344a2c402b8cd) Importer(815301076,1909f56bfc062723c751e8b465ee728b)
Start importing Assets/113 2D Item Icon Pack/Sprite/LesserCastingScroll.png using Guid(161aebb34ee9440afa2344a2c402b8cd) Importer(815301076,1909f56bfc062723c751e8b465ee728b)  -> (artifact id: '4d32003c0cf5ab324ad933087fc43ee3') in 0.021115 seconds
  Import took 0.049132 seconds .

========================================================================
Received Import Request.
  Time since last request: 0.000286 seconds.
  path: Assets/113 2D Item Icon Pack/Sprite/CursedCloth.png
  artifactKey: Guid(42d1c5c48ed6a46c9ba530a1c9fb924f) Importer(815301076,1909f56bfc062723c751e8b465ee728b)
Start importing Assets/113 2D Item Icon Pack/Sprite/CursedCloth.png using Guid(42d1c5c48ed6a46c9ba530a1c9fb924f) Importer(815301076,1909f56bfc062723c751e8b465ee728b)  -> (artifact id: 'bdcae4aa48de28416b108bbad355b037') in 0.021629 seconds
  Import took 0.027274 seconds .

========================================================================
Received Import Request.
  Time since last request: 0.000228 seconds.
  path: Assets/113 2D Item Icon Pack/Sprite/Bone.png
  artifactKey: Guid(8e4ebe8389e2144a88b53ddf0ed289b3) Importer(815301076,1909f56bfc062723c751e8b465ee728b)
Start importing Assets/113 2D Item Icon Pack/Sprite/Bone.png using Guid(8e4ebe8389e2144a88b53ddf0ed289b3) Importer(815301076,1909f56bfc062723c751e8b465ee728b)  -> (artifact id: '2988d635fbf7af657114a1da17e283cb') in 0.019114 seconds
  Import took 0.046288 seconds .

AssetImportWorkerClient::OnTransportError - code=2 error=End of file
